Rapport erreur 

➜  first-touch git:(master) ✗ npm i --save react-cats
npm WARN deprecated fsevents@1.2.4: fsevents 1 will break on node v14+ and could be using insecure binaries. Upgrade to fsevents 2.
npm WARN deprecated circular-json@0.3.3: CircularJSON is in maintenance only, flatted is its successor.
npm WARN deprecated core-js@2.6.11: core-js@<3 is no longer maintained and not recommended for usage due to the number of issues. Please, upgrade your dependencies to the actual version of core-js@3.
npm WARN deprecated fsevents@1.2.13: fsevents 1 will break on node v14+ and could be using insecure binaries. Upgrade to fsevents 2.
npm WARN deprecated kleur@2.0.2: Please upgrade to kleur@3 or migrate to 'ansi-colors' if you prefer the old syntax. Visit <https://github.com/lukeed/kleur/releases/tag/v3.0.0\> for migration path(s).
npm WARN deprecated core-js@2.6.4: core-js@<3 is no longer maintained and not recommended for usage due to the number of issues. Please, upgrade your dependencies to the actual version of core-js@3.
npm WARN deprecated joi@11.4.0: This version has been deprecated in accordance with the hapi support policy (hapi.im/support). Please upgrade to the latest version to get the best features, bug fixes, and security patches. If you are unable to upgrade at this time, paid support is available for older versions (hapi.im/commercial).
npm WARN deprecated hoek@4.2.1: This version has been deprecated in accordance with the hapi support policy (hapi.im/support). Please upgrade to the latest version to get the best features, bug fixes, and security patches. If you are unable to upgrade at this time, paid support is available for older versions (hapi.im/commercial).
npm WARN deprecated topo@2.0.2: This version has been deprecated in accordance with the hapi support policy (hapi.im/support). Please upgrade to the latest version to get the best features, bug fixes, and security patches. If you are unable to upgrade at this time, paid support is available for older versions (hapi.im/commercial).

> fsevents@1.2.4 install /Users/jeanducellier/progra/first-touch/node_modules/react-cats/node_modules/fsevents
> node install

node-pre-gyp WARN Tried to download(404): https://fsevents-binaries.s3-us-west-2.amazonaws.com/v1.2.4/fse-v1.2.4-node-v83-darwin-x64.tar.gz 
node-pre-gyp WARN Pre-built binaries not found for fsevents@1.2.4 and node@14.10.1 (node-v83 ABI, unknown) (falling back to source compile with node-gyp) 
  SOLINK_MODULE(target) Release/.node
  CXX(target) Release/obj.target/fse/fsevents.o
../fsevents.cc:50:32: error: no template named 'Handle' in namespace 'v8'
    static void Initialize(v8::Handle<v8::Object> exports);
                           ~~~~^
../fsevents.cc:63:6: warning: field 'async_resource' will be initialized after field 'lockStarted' [-Wreorder-ctor]
   : async_resource("fsevents:FSEvents"), lockStarted(false) {
     ^
In file included from ../fsevents.cc:82:
../src/constants.cc:89:11: error: no matching member function for call to 'Set'
  object->Set(Nan::New<v8::String>("kFSEventStreamEventFlagNone").ToLocalChecked(), Nan::New<v8::Integer>(kFSEventS...
  ~~~~~~~~^~~
/Users/jeanducellier/Library/Caches/node-gyp/14.10.1/include/node/v8.h:3670:37: note: candidate function not viable:
      requires 3 arguments, but 2 were provided
  V8_WARN_UNUSED_RESULT Maybe<bool> Set(Local<Context> context,
                                    ^
/Users/jeanducellier/Library/Caches/node-gyp/14.10.1/include/node/v8.h:3673:37: note: candidate function not viable:
      requires 3 arguments, but 2 were provided
  V8_WARN_UNUSED_RESULT Maybe<bool> Set(Local<Context> context, uint32_t index,
                                    ^
In file included from ../fsevents.cc:82:
../src/constants.cc:90:11: error: no matching member function for call to 'Set'
  object->Set(Nan::New<v8::String>("kFSEventStreamEventFlagMustScanSubDirs").ToLocalChecked(), Nan::New<v8::Integer...
  ~~~~~~~~^~~
/Users/jeanducellier/Library/Caches/node-gyp/14.10.1/include/node/v8.h:3670:37: note: candidate function not viable:
      requires 3 arguments, but 2 were provided
  V8_WARN_UNUSED_RESULT Maybe<bool> Set(Local<Context> context,
                                    ^
/Users/jeanducellier/Library/Caches/node-gyp/14.10.1/include/node/v8.h:3673:37: note: candidate function not viable:
      requires 3 arguments, but 2 were provided
  V8_WARN_UNUSED_RESULT Maybe<bool> Set(Local<Context> context, uint32_t index,
                                    ^
In file included from ../fsevents.cc:82:
../src/constants.cc:91:11: error: no matching member function for call to 'Set'
  object->Set(Nan::New<v8::String>("kFSEventStreamEventFlagUserDropped").ToLocalChecked(), Nan::New<v8::Integer>(kF...
  ~~~~~~~~^~~
/Users/jeanducellier/Library/Caches/node-gyp/14.10.1/include/node/v8.h:3670:37: note: candidate function not viable:
      requires 3 arguments, but 2 were provided
  V8_WARN_UNUSED_RESULT Maybe<bool> Set(Local<Context> context,
                                    ^
/Users/jeanducellier/Library/Caches/node-gyp/14.10.1/include/node/v8.h:3673:37: note: candidate function not viable:
      requires 3 arguments, but 2 were provided
  V8_WARN_UNUSED_RESULT Maybe<bool> Set(Local<Context> context, uint32_t index,
                                    ^
In file included from ../fsevents.cc:82:
../src/constants.cc:92:11: error: no matching member function for call to 'Set'
  object->Set(Nan::New<v8::String>("kFSEventStreamEventFlagKernelDropped").ToLocalChecked(), Nan::New<v8::Integer>(...
  ~~~~~~~~^~~
/Users/jeanducellier/Library/Caches/node-gyp/14.10.1/include/node/v8.h:3670:37: note: candidate function not viable:
      requires 3 arguments, but 2 were provided
  V8_WARN_UNUSED_RESULT Maybe<bool> Set(Local<Context> context,
                                    ^
/Users/jeanducellier/Library/Caches/node-gyp/14.10.1/include/node/v8.h:3673:37: note: candidate function not viable:
      requires 3 arguments, but 2 were provided
  V8_WARN_UNUSED_RESULT Maybe<bool> Set(Local<Context> context, uint32_t index,
                                    ^
In file included from ../fsevents.cc:82:
../src/constants.cc:93:11: error: no matching member function for call to 'Set'
  object->Set(Nan::New<v8::String>("kFSEventStreamEventFlagEventIdsWrapped").ToLocalChecked(), Nan::New<v8::Integer...
  ~~~~~~~~^~~
/Users/jeanducellier/Library/Caches/node-gyp/14.10.1/include/node/v8.h:3670:37: note: candidate function not viable:
      requires 3 arguments, but 2 were provided
  V8_WARN_UNUSED_RESULT Maybe<bool> Set(Local<Context> context,
                                    ^
/Users/jeanducellier/Library/Caches/node-gyp/14.10.1/include/node/v8.h:3673:37: note: candidate function not viable:
      requires 3 arguments, but 2 were provided
  V8_WARN_UNUSED_RESULT Maybe<bool> Set(Local<Context> context, uint32_t index,
                                    ^
In file included from ../fsevents.cc:82:
../src/constants.cc:94:11: error: no matching member function for call to 'Set'
  object->Set(Nan::New<v8::String>("kFSEventStreamEventFlagHistoryDone").ToLocalChecked(), Nan::New<v8::Integer>(kF...
  ~~~~~~~~^~~
/Users/jeanducellier/Library/Caches/node-gyp/14.10.1/include/node/v8.h:3670:37: note: candidate function not viable:
      requires 3 arguments, but 2 were provided
  V8_WARN_UNUSED_RESULT Maybe<bool> Set(Local<Context> context,
                                    ^
/Users/jeanducellier/Library/Caches/node-gyp/14.10.1/include/node/v8.h:3673:37: note: candidate function not viable:
      requires 3 arguments, but 2 were provided
  V8_WARN_UNUSED_RESULT Maybe<bool> Set(Local<Context> context, uint32_t index,
                                    ^
In file included from ../fsevents.cc:82:
../src/constants.cc:95:11: error: no matching member function for call to 'Set'
  object->Set(Nan::New<v8::String>("kFSEventStreamEventFlagRootChanged").ToLocalChecked(), Nan::New<v8::Integer>(kF...
  ~~~~~~~~^~~
/Users/jeanducellier/Library/Caches/node-gyp/14.10.1/include/node/v8.h:3670:37: note: candidate function not viable:
      requires 3 arguments, but 2 were provided
  V8_WARN_UNUSED_RESULT Maybe<bool> Set(Local<Context> context,
                                    ^
/Users/jeanducellier/Library/Caches/node-gyp/14.10.1/include/node/v8.h:3673:37: note: candidate function not viable:
      requires 3 arguments, but 2 were provided
  V8_WARN_UNUSED_RESULT Maybe<bool> Set(Local<Context> context, uint32_t index,
                                    ^
In file included from ../fsevents.cc:82:
../src/constants.cc:96:11: error: no matching member function for call to 'Set'
  object->Set(Nan::New<v8::String>("kFSEventStreamEventFlagMount").ToLocalChecked(), Nan::New<v8::Integer>(kFSEvent...
  ~~~~~~~~^~~
/Users/jeanducellier/Library/Caches/node-gyp/14.10.1/include/node/v8.h:3670:37: note: candidate function not viable:
      requires 3 arguments, but 2 were provided
  V8_WARN_UNUSED_RESULT Maybe<bool> Set(Local<Context> context,
                                    ^
/Users/jeanducellier/Library/Caches/node-gyp/14.10.1/include/node/v8.h:3673:37: note: candidate function not viable:
      requires 3 arguments, but 2 were provided
  V8_WARN_UNUSED_RESULT Maybe<bool> Set(Local<Context> context, uint32_t index,
                                    ^
In file included from ../fsevents.cc:82:
../src/constants.cc:97:11: error: no matching member function for call to 'Set'
  object->Set(Nan::New<v8::String>("kFSEventStreamEventFlagUnmount").ToLocalChecked(), Nan::New<v8::Integer>(kFSEve...
  ~~~~~~~~^~~
/Users/jeanducellier/Library/Caches/node-gyp/14.10.1/include/node/v8.h:3670:37: note: candidate function not viable:
      requires 3 arguments, but 2 were provided
  V8_WARN_UNUSED_RESULT Maybe<bool> Set(Local<Context> context,
                                    ^
/Users/jeanducellier/Library/Caches/node-gyp/14.10.1/include/node/v8.h:3673:37: note: candidate function not viable:
      requires 3 arguments, but 2 were provided
  V8_WARN_UNUSED_RESULT Maybe<bool> Set(Local<Context> context, uint32_t index,
                                    ^
In file included from ../fsevents.cc:82:
../src/constants.cc:98:11: error: no matching member function for call to 'Set'
  object->Set(Nan::New<v8::String>("kFSEventStreamEventFlagItemCreated").ToLocalChecked(), Nan::New<v8::Integer>(kF...
  ~~~~~~~~^~~
/Users/jeanducellier/Library/Caches/node-gyp/14.10.1/include/node/v8.h:3670:37: note: candidate function not viable:
      requires 3 arguments, but 2 were provided
  V8_WARN_UNUSED_RESULT Maybe<bool> Set(Local<Context> context,
                                    ^
/Users/jeanducellier/Library/Caches/node-gyp/14.10.1/include/node/v8.h:3673:37: note: candidate function not viable:
      requires 3 arguments, but 2 were provided
  V8_WARN_UNUSED_RESULT Maybe<bool> Set(Local<Context> context, uint32_t index,
                                    ^
In file included from ../fsevents.cc:82:
../src/constants.cc:99:11: error: no matching member function for call to 'Set'
  object->Set(Nan::New<v8::String>("kFSEventStreamEventFlagItemRemoved").ToLocalChecked(), Nan::New<v8::Integer>(kF...
  ~~~~~~~~^~~
/Users/jeanducellier/Library/Caches/node-gyp/14.10.1/include/node/v8.h:3670:37: note: candidate function not viable:
      requires 3 arguments, but 2 were provided
  V8_WARN_UNUSED_RESULT Maybe<bool> Set(Local<Context> context,
                                    ^
/Users/jeanducellier/Library/Caches/node-gyp/14.10.1/include/node/v8.h:3673:37: note: candidate function not viable:
      requires 3 arguments, but 2 were provided
  V8_WARN_UNUSED_RESULT Maybe<bool> Set(Local<Context> context, uint32_t index,
                                    ^
In file included from ../fsevents.cc:82:
../src/constants.cc:100:11: error: no matching member function for call to 'Set'
  object->Set(Nan::New<v8::String>("kFSEventStreamEventFlagItemInodeMetaMod").ToLocalChecked(), Nan::New<v8::Intege...
  ~~~~~~~~^~~
/Users/jeanducellier/Library/Caches/node-gyp/14.10.1/include/node/v8.h:3670:37: note: candidate function not viable:
      requires 3 arguments, but 2 were provided
  V8_WARN_UNUSED_RESULT Maybe<bool> Set(Local<Context> context,
                                    ^
/Users/jeanducellier/Library/Caches/node-gyp/14.10.1/include/node/v8.h:3673:37: note: candidate function not viable:
      requires 3 arguments, but 2 were provided
  V8_WARN_UNUSED_RESULT Maybe<bool> Set(Local<Context> context, uint32_t index,
                                    ^
In file included from ../fsevents.cc:82:
../src/constants.cc:101:11: error: no matching member function for call to 'Set'
  object->Set(Nan::New<v8::String>("kFSEventStreamEventFlagItemRenamed").ToLocalChecked(), Nan::New<v8::Integer>(kF...
  ~~~~~~~~^~~
/Users/jeanducellier/Library/Caches/node-gyp/14.10.1/include/node/v8.h:3670:37: note: candidate function not viable:
      requires 3 arguments, but 2 were provided
  V8_WARN_UNUSED_RESULT Maybe<bool> Set(Local<Context> context,
                                    ^
/Users/jeanducellier/Library/Caches/node-gyp/14.10.1/include/node/v8.h:3673:37: note: candidate function not viable:
      requires 3 arguments, but 2 were provided
  V8_WARN_UNUSED_RESULT Maybe<bool> Set(Local<Context> context, uint32_t index,
                                    ^
In file included from ../fsevents.cc:82:
../src/constants.cc:102:11: error: no matching member function for call to 'Set'
  object->Set(Nan::New<v8::String>("kFSEventStreamEventFlagItemModified").ToLocalChecked(), Nan::New<v8::Integer>(k...
  ~~~~~~~~^~~
/Users/jeanducellier/Library/Caches/node-gyp/14.10.1/include/node/v8.h:3670:37: note: candidate function not viable:
      requires 3 arguments, but 2 were provided
  V8_WARN_UNUSED_RESULT Maybe<bool> Set(Local<Context> context,
                                    ^
/Users/jeanducellier/Library/Caches/node-gyp/14.10.1/include/node/v8.h:3673:37: note: candidate function not viable:
      requires 3 arguments, but 2 were provided
  V8_WARN_UNUSED_RESULT Maybe<bool> Set(Local<Context> context, uint32_t index,
                                    ^
In file included from ../fsevents.cc:82:
../src/constants.cc:103:11: error: no matching member function for call to 'Set'
  object->Set(Nan::New<v8::String>("kFSEventStreamEventFlagItemFinderInfoMod").ToLocalChecked(), Nan::New<v8::Integ...
  ~~~~~~~~^~~
/Users/jeanducellier/Library/Caches/node-gyp/14.10.1/include/node/v8.h:3670:37: note: candidate function not viable:
      requires 3 arguments, but 2 were provided
  V8_WARN_UNUSED_RESULT Maybe<bool> Set(Local<Context> context,
                                    ^
/Users/jeanducellier/Library/Caches/node-gyp/14.10.1/include/node/v8.h:3673:37: note: candidate function not viable:
      requires 3 arguments, but 2 were provided
  V8_WARN_UNUSED_RESULT Maybe<bool> Set(Local<Context> context, uint32_t index,
                                    ^
In file included from ../fsevents.cc:82:
../src/constants.cc:104:11: error: no matching member function for call to 'Set'
  object->Set(Nan::New<v8::String>("kFSEventStreamEventFlagItemChangeOwner").ToLocalChecked(), Nan::New<v8::Integer...
  ~~~~~~~~^~~
/Users/jeanducellier/Library/Caches/node-gyp/14.10.1/include/node/v8.h:3670:37: note: candidate function not viable:
      requires 3 arguments, but 2 were provided
  V8_WARN_UNUSED_RESULT Maybe<bool> Set(Local<Context> context,
                                    ^
/Users/jeanducellier/Library/Caches/node-gyp/14.10.1/include/node/v8.h:3673:37: note: candidate function not viable:
      requires 3 arguments, but 2 were provided
  V8_WARN_UNUSED_RESULT Maybe<bool> Set(Local<Context> context, uint32_t index,
                                    ^
In file included from ../fsevents.cc:82:
../src/constants.cc:105:11: error: no matching member function for call to 'Set'
  object->Set(Nan::New<v8::String>("kFSEventStreamEventFlagItemXattrMod").ToLocalChecked(), Nan::New<v8::Integer>(k...
  ~~~~~~~~^~~
/Users/jeanducellier/Library/Caches/node-gyp/14.10.1/include/node/v8.h:3670:37: note: candidate function not viable:
      requires 3 arguments, but 2 were provided
  V8_WARN_UNUSED_RESULT Maybe<bool> Set(Local<Context> context,
                                    ^
/Users/jeanducellier/Library/Caches/node-gyp/14.10.1/include/node/v8.h:3673:37: note: candidate function not viable:
      requires 3 arguments, but 2 were provided
  V8_WARN_UNUSED_RESULT Maybe<bool> Set(Local<Context> context, uint32_t index,
                                    ^
In file included from ../fsevents.cc:82:
../src/constants.cc:106:11: error: no matching member function for call to 'Set'
  object->Set(Nan::New<v8::String>("kFSEventStreamEventFlagItemIsFile").ToLocalChecked(), Nan::New<v8::Integer>(kFS...
  ~~~~~~~~^~~
/Users/jeanducellier/Library/Caches/node-gyp/14.10.1/include/node/v8.h:3670:37: note: candidate function not viable:
      requires 3 arguments, but 2 were provided
  V8_WARN_UNUSED_RESULT Maybe<bool> Set(Local<Context> context,
                                    ^
/Users/jeanducellier/Library/Caches/node-gyp/14.10.1/include/node/v8.h:3673:37: note: candidate function not viable:
      requires 3 arguments, but 2 were provided
  V8_WARN_UNUSED_RESULT Maybe<bool> Set(Local<Context> context, uint32_t index,
                                    ^
fatal error: too many errors emitted, stopping now [-ferror-limit=]
1 warning and 20 errors generated.
make: *** [Release/obj.target/fse/fsevents.o] Error 1
gyp ERR! build error 
gyp ERR! stack Error: `make` failed with exit code: 2
gyp ERR! stack     at ChildProcess.onExit (/usr/local/lib/node_modules/npm/node_modules/node-gyp/lib/build.js:194:23)
gyp ERR! stack     at ChildProcess.emit (events.js:314:20)
gyp ERR! stack     at Process.ChildProcess._handle.onexit (internal/child_process.js:276:12)
gyp ERR! System Darwin 19.6.0
gyp ERR! command "/usr/local/Cellar/node/14.10.1/bin/node" "/usr/local/lib/node_modules/npm/node_modules/node-gyp/bin/node-gyp.js" "build" "--fallback-to-build" "--module=/Users/jeanducellier/progra/first-touch/node_modules/react-cats/node_modules/fsevents/lib/binding/Release/node-v83-darwin-x64/fse.node" "--module_name=fse" "--module_path=/Users/jeanducellier/progra/first-touch/node_modules/react-cats/node_modules/fsevents/lib/binding/Release/node-v83-darwin-x64" "--napi_version=6" "--node_abi_napi=napi"
gyp ERR! cwd /Users/jeanducellier/progra/first-touch/node_modules/react-cats/node_modules/fsevents
gyp ERR! node -v v14.10.1
gyp ERR! node-gyp -v v5.1.0
gyp ERR! not ok 
node-pre-gyp ERR! build error 
node-pre-gyp ERR! stack Error: Failed to execute '/usr/local/Cellar/node/14.10.1/bin/node /usr/local/lib/node_modules/npm/node_modules/node-gyp/bin/node-gyp.js build --fallback-to-build --module=/Users/jeanducellier/progra/first-touch/node_modules/react-cats/node_modules/fsevents/lib/binding/Release/node-v83-darwin-x64/fse.node --module_name=fse --module_path=/Users/jeanducellier/progra/first-touch/node_modules/react-cats/node_modules/fsevents/lib/binding/Release/node-v83-darwin-x64 --napi_version=6 --node_abi_napi=napi' (1)
node-pre-gyp ERR! stack     at ChildProcess.<anonymous> (/Users/jeanducellier/progra/first-touch/node_modules/react-cats/node_modules/fsevents/node_modules/node-pre-gyp/lib/util/compile.js:83:29)
node-pre-gyp ERR! stack     at ChildProcess.emit (events.js:314:20)
node-pre-gyp ERR! stack     at maybeClose (internal/child_process.js:1047:16)
node-pre-gyp ERR! stack     at Process.ChildProcess._handle.onexit (internal/child_process.js:287:5)
node-pre-gyp ERR! System Darwin 19.6.0
node-pre-gyp ERR! command "/usr/local/Cellar/node/14.10.1/bin/node" "/Users/jeanducellier/progra/first-touch/node_modules/react-cats/node_modules/fsevents/node_modules/node-pre-gyp/bin/node-pre-gyp" "install" "--fallback-to-build"
node-pre-gyp ERR! cwd /Users/jeanducellier/progra/first-touch/node_modules/react-cats/node_modules/fsevents
node-pre-gyp ERR! node -v v14.10.1
node-pre-gyp ERR! node-pre-gyp -v v0.10.0
node-pre-gyp ERR! not ok 
Failed to execute '/usr/local/Cellar/node/14.10.1/bin/node /usr/local/lib/node_modules/npm/node_modules/node-gyp/bin/node-gyp.js build --fallback-to-build --module=/Users/jeanducellier/progra/first-touch/node_modules/react-cats/node_modules/fsevents/lib/binding/Release/node-v83-darwin-x64/fse.node --module_name=fse --module_path=/Users/jeanducellier/progra/first-touch/node_modules/react-cats/node_modules/fsevents/lib/binding/Release/node-v83-darwin-x64 --napi_version=6 --node_abi_napi=napi' (1)

> fsevents@1.2.13 install /Users/jeanducellier/progra/first-touch/node_modules/sane/node_modules/fsevents
> node install.js

  SOLINK_MODULE(target) Release/.node
  CXX(target) Release/obj.target/fse/fsevents.o
  SOLINK_MODULE(target) Release/fse.node

> core-js@2.6.11 postinstall /Users/jeanducellier/progra/first-touch/node_modules/babel-register/node_modules/core-js
> node -e "try{require('./postinstall')}catch(e){}"

Thank you for using core-js ( https://github.com/zloirock/core-js ) for polyfilling JavaScript standard library!

The project needs your help! Please consider supporting of core-js on Open Collective or Patreon: 
> https://opencollective.com/core-js 
> https://www.patreon.com/zloirock 

Also, the author of core-js ( https://github.com/zloirock ) is looking for a good job -)

npm WARN The package typescript is included as both a dev and production dependency.
npm WARN optional SKIPPING OPTIONAL DEPENDENCY: fsevents@1.2.4 (node_modules/react-cats/node_modules/fsevents):
npm WARN optional SKIPPING OPTIONAL DEPENDENCY: fsevents@1.2.4 install: `node install`
npm WARN optional SKIPPING OPTIONAL DEPENDENCY: Exit status 1

+ react-cats@0.2.5
added 499 packages from 247 contributors, removed 231 packages, updated 62 packages and audited 3126 packages in 31.888s

69 packages are looking for funding
  run `npm fund` for details

found 75 vulnerabilities (70 low, 2 moderate, 3 high)
  run `npm audit fix` to fix them, or `npm audit` for details